[2026-02-22--22-30-24 INFO actix_server::builder] starting 5 workers
[2026-02-22--22-30-24 INFO actix_server::server] Tokio runtime found; starting in existing Tokio runtime
[2026-02-22--22-30-24 INFO actix_server::server] starting service: "actix-web-service-127.0.0.1:18488", workers: 5, listening on: 127.0.0.1:18488
[2026-02-22--22-30-25 INFO parity_ws] Listening for new connections on 127.0.0.1:8900.
[2026-02-22--22-30-26 INFO txtx::svm::deploy_program] [Recovery Instructions] - An ephemeral authority account will be created and funded to write to the buffer account.
[2026-02-22--22-30-26 INFO txtx::svm::deploy_program] [Recovery Instructions] - Please save the following information in case the deployment fails and the account needs to be recovered:
[2026-02-22--22-30-26 INFO txtx::svm::deploy_program] [Recovery Instructions] - Ephemeral authority public key: 7xAs2pz4kNxbZVRL55zkjYQye8qzM962mryvrHW6Rzpe
[2026-02-22--22-30-26 INFO txtx::svm::deploy_program] [Recovery Instructions] - Ephemeral authority secret key: [209, 91, 173, 66, 154, 89, 57, 6, 248, 183, 40, 52, 100, 162, 91, 87, 20, 116, 245, 44, 63, 158, 152, 253, 254, 52, 147, 206, 115, 74, 207, 59, 103, 72, 55, 190, 91, 84, 147, 1, 4, 132, 39, 170, 250, 154, 106, 127, 158, 107, 255, 24, 111, 107, 17, 106, 107, 212, 6, 63, 200, 49, 95, 127]
[2026-02-22--22-30-27 INFO txtx::svm::deploy_program] Account Created - Ephemeral authority account created and funded to write to buffer
[2026-02-22--22-30-27 INFO txtx::svm::deploy_program] [Recovery Instructions] - Creating program buffer account at pubkey Efqk636px7arAZTcRiqBTRNbJfwK1S1Hdwing18Jt2H5
[2026-02-22--22-30-27 INFO txtx::svm::deploy_program] Account Created - Program buffer account created
[2026-02-22--22-30-35 INFO txtx::svm::deploy_program] Buffer Ready - Writing to buffer account is complete
[2026-02-22--22-30-36 INFO txtx::svm::deploy_program] Program Created - Program fdzA8f51UdSfZdoA8eQKV3i5rX9GjAfscXy3j1NFbx9 has been deployed
[2026-02-22--22-30-38 INFO txtx::svm::deploy_program] Complete - Ephemeral authority account closed and leftover funds returned to payer
[2026-02-22--22-30-39 INFO parity_ws::io] Accepted a new tcp connection from 127.0.0.1:38632.
[2026-02-22--22-31-13 INFO actix_server::worker] shutting down idle worker
[2026-02-22--22-31-13 INFO actix_server::accept] accept thread stopped
[2026-02-22--22-31-13 INFO actix_server::worker] shutting down idle worker
[2026-02-22--22-31-13 INFO actix_server::worker] shutting down idle worker
[2026-02-22--22-31-13 INFO actix_server::worker] shutting down idle worker
[2026-02-22--22-31-13 INFO actix_server::worker] shutting down idle worker
